2020-02-21 11:00:46,821  INFO  Connection to [http://localhost:5556/MitsubishiElectric/XRMServices/2011/Organization.svc] is successful
2020-02-21 11:03:57,924  INFO  Connection to [http://localhost:5556/MitsubishiElectric/XRMServices/2011/Organization.svc] is successful
2020-02-21 11:07:34,522  INFO  Connection to [http://localhost:5556/MitsubishiElectric/XRMServices/2011/Organization.svc] is successful
2020-02-21 11:08:57,426  ERROR Record with Id = 78c902cf-88b7-e911-8199-00155d640b02 is not changed by logic A or B
System.Collections.Generic.KeyNotFoundException: The given key was not present in the dictionary.
   at System.Collections.Generic.Dictionary`2.get_Item(TKey key)
   at Microsoft.Xrm.Sdk.DataCollection`2.get_Item(TKey key)
   at Microsoft.Xrm.Sdk.Entity.get_Item(String attributeName)
   at UpdaterApp.DepersonalizationLogic.OpportunityUpdater.ChangeByRules(IEnumerable`1 records) in C:\Users\omursalov\source\repos\DepersonalizationApp\DepersonalizationApp\DepersonalizationLogic\OpportunityUpdater.cs:line 61
2020-02-21 11:38:51,238  INFO  Connection to [http://localhost:5556/MitsubishiElectric/XRMServices/2011/Organization.svc] is successful
2020-02-21 11:41:31,613  INFO  Connection to [http://localhost:5556/MitsubishiElectric/XRMServices/2011/Organization.svc] is successful
2020-02-21 11:44:45,043  INFO  Connection to [http://localhost:5556/MitsubishiElectric/XRMServices/2011/Organization.svc] is successful
2020-02-21 11:45:39,003  INFO  Connection to [http://localhost:5556/MitsubishiElectric/XRMServices/2011/Organization.svc] is successful
2020-02-21 11:46:12,401  INFO  Connection to [http://localhost:5556/MitsubishiElectric/XRMServices/2011/Organization.svc] is successful
2020-02-21 11:46:46,928  INFO  Connection to [http://localhost:5556/MitsubishiElectric/XRMServices/2011/Organization.svc] is successful
2020-02-21 11:48:44,487  INFO  Connection to [http://localhost:5556/MitsubishiElectric/XRMServices/2011/Organization.svc] is successful
2020-02-21 13:01:57,868  INFO  Connection to [http://localhost:5556/MitsubishiElectric/XRMServices/2011/Organization.svc] is successful
2020-02-21 13:05:00,017  INFO  Connection to [http://localhost:5556/MitsubishiElectric/XRMServices/2011/Organization.svc] is successful
2020-02-21 13:09:43,547  INFO  Connection to [http://localhost:5556/MitsubishiElectric/XRMServices/2011/Organization.svc] is successful
2020-02-21 13:14:28,398  INFO  Connection to [http://localhost:5556/MitsubishiElectric/XRMServices/2011/Organization.svc] is successful
2020-02-21 13:16:58,759  INFO  Connection to [http://localhost:5556/MitsubishiElectric/XRMServices/2011/Organization.svc] is successful
2020-02-21 13:23:30,476  INFO  Connection to [http://localhost:5556/MitsubishiElectric/XRMServices/2011/Organization.svc] is successful
2020-02-21 13:25:59,703  INFO  Connection to [http://localhost:5556/MitsubishiElectric/XRMServices/2011/Organization.svc] is successful
2020-02-21 13:27:47,657  INFO  Connection to [http://localhost:5556/MitsubishiElectric/XRMServices/2011/Organization.svc] is successful
